This is pdfTeX, Version 3.1415926-2.3-1.40.12 (TeX Live 2011) (format=pdflatex 2011.11.17)  18 NOV 2011 14:45
entering extended mode
 restricted \write18 enabled.
 %&-line parsing enabled.
**manuscript.tex
(./manuscript.tex
LaTeX2e <2011/06/27>
Babel <v3.8m> and hyphenation patterns for english, dumylang, nohyphenation, ge
rman-x-2011-07-01, ngerman-x-2011-07-01, afrikaans, ancientgreek, ibycus, arabi
c, armenian, basque, bulgarian, catalan, pinyin, coptic, croatian, czech, danis
h, dutch, ukenglish, usenglishmax, esperanto, estonian, ethiopic, farsi, finnis
h, french, galician, german, ngerman, swissgerman, monogreek, greek, hungarian,
 icelandic, assamese, bengali, gujarati, hindi, kannada, malayalam, marathi, or
iya, panjabi, tamil, telugu, indonesian, interlingua, irish, italian, kurmanji,
 lao, latin, latvian, lithuanian, mongolian, mongolianlmc, bokmal, nynorsk, pol
ish, portuguese, romanian, russian, sanskrit, serbian, serbianc, slovak, sloven
ian, spanish, swedish, turkish, turkmen, ukrainian, uppersorbian, welsh, loaded
.
(./IEEEtran.cls
Document Class: IEEEtran 2007/03/05 V1.7a by Michael Shell
-- See the "IEEEtran_HOWTO" manual for usage information.
-- http://www.michaelshell.org/tex/ieeetran/
\@IEEEtrantmpdimenA=\dimen102
\@IEEEtrantmpdimenB=\dimen103
\@IEEEtrantmpcountA=\count79
\@IEEEtrantmpcountB=\count80
\@IEEEtrantmptoksA=\toks14
LaTeX Font Info:    Try loading font information for OT1+ptm on input line 366.

(/usr/local/texlive/2011/texmf-dist/tex/latex/psnfss/ot1ptm.fd
File: ot1ptm.fd 2001/06/04 font definitions for OT1/ptm.
)
-- Using 8.5in x 11in (letter) paper.
-- Using PDF output.
\@IEEEnormalsizeunitybaselineskip=\dimen104
-- This is an 11 point document.
\CLASSINFOnormalsizebaselineskip=\dimen105
\CLASSINFOnormalsizeunitybaselineskip=\dimen106
\IEEEnormaljot=\dimen107
LaTeX Font Info:    Font shape `OT1/ptm/bx/n' in size <6> not available
(Font)              Font shape `OT1/ptm/b/n' tried instead on input line 724.
LaTeX Font Info:    Font shape `OT1/ptm/bx/it' in size <6> not available
(Font)              Font shape `OT1/ptm/b/it' tried instead on input line 724.
LaTeX Font Info:    Font shape `OT1/ptm/bx/n' in size <8> not available
(Font)              Font shape `OT1/ptm/b/n' tried instead on input line 724.
LaTeX Font Info:    Font shape `OT1/ptm/bx/it' in size <8> not available
(Font)              Font shape `OT1/ptm/b/it' tried instead on input line 724.
LaTeX Font Info:    Font shape `OT1/ptm/bx/n' in size <9> not available
(Font)              Font shape `OT1/ptm/b/n' tried instead on input line 724.
LaTeX Font Info:    Font shape `OT1/ptm/bx/it' in size <9> not available
(Font)              Font shape `OT1/ptm/b/it' tried instead on input line 724.
LaTeX Font Info:    Font shape `OT1/ptm/bx/n' in size <10> not available
(Font)              Font shape `OT1/ptm/b/n' tried instead on input line 724.
LaTeX Font Info:    Font shape `OT1/ptm/bx/it' in size <10> not available
(Font)              Font shape `OT1/ptm/b/it' tried instead on input line 724.
LaTeX Font Info:    Font shape `OT1/ptm/bx/n' in size <11> not available
(Font)              Font shape `OT1/ptm/b/n' tried instead on input line 724.
LaTeX Font Info:    Font shape `OT1/ptm/bx/it' in size <11> not available
(Font)              Font shape `OT1/ptm/b/it' tried instead on input line 724.
LaTeX Font Info:    Font shape `OT1/ptm/bx/n' in size <12> not available
(Font)              Font shape `OT1/ptm/b/n' tried instead on input line 724.
LaTeX Font Info:    Font shape `OT1/ptm/bx/it' in size <12> not available
(Font)              Font shape `OT1/ptm/b/it' tried instead on input line 724.
LaTeX Font Info:    Font shape `OT1/ptm/bx/n' in size <17> not available
(Font)              Font shape `OT1/ptm/b/n' tried instead on input line 724.
LaTeX Font Info:    Font shape `OT1/ptm/bx/it' in size <17> not available
(Font)              Font shape `OT1/ptm/b/it' tried instead on input line 724.
LaTeX Font Info:    Font shape `OT1/ptm/bx/n' in size <20> not available
(Font)              Font shape `OT1/ptm/b/n' tried instead on input line 724.
LaTeX Font Info:    Font shape `OT1/ptm/bx/it' in size <20> not available
(Font)              Font shape `OT1/ptm/b/it' tried instead on input line 724.
LaTeX Font Info:    Font shape `OT1/ptm/bx/n' in size <24> not available
(Font)              Font shape `OT1/ptm/b/n' tried instead on input line 724.
LaTeX Font Info:    Font shape `OT1/ptm/bx/it' in size <24> not available
(Font)              Font shape `OT1/ptm/b/it' tried instead on input line 724.
\IEEEilabelindentA=\dimen108
\IEEEilabelindentB=\dimen109
\IEEEilabelindent=\dimen110
\IEEEelabelindent=\dimen111
\IEEEdlabelindent=\dimen112
\IEEElabelindent=\dimen113
\IEEEiednormlabelsep=\dimen114
\IEEEiedmathlabelsep=\dimen115
\IEEEiedtopsep=\skip41
\c@section=\count81
\c@subsection=\count82
\c@subsubsection=\count83
\c@paragraph=\count84
\c@IEEEsubequation=\count85
\abovecaptionskip=\skip42
\belowcaptionskip=\skip43
\c@figure=\count86
\c@table=\count87
\@IEEEeqnnumcols=\count88
\@IEEEeqncolcnt=\count89
\@IEEEtmpitemindent=\dimen116
\c@IEEEbiography=\count90
\@IEEEtranrubishbin=\box26
) (/usr/local/texlive/2011/texmf-dist/tex/latex/graphics/color.sty
Package: color 2005/11/14 v1.0j Standard LaTeX Color (DPC)

(/usr/local/texlive/2011/texmf-dist/tex/latex/latexconfig/color.cfg
File: color.cfg 2007/01/18 v1.5 color configuration of teTeX/TeXLive
)
Package color Info: Driver file: pdftex.def on input line 130.

(/usr/local/texlive/2011/texmf-dist/tex/latex/pdftex-def/pdftex.def
File: pdftex.def 2011/05/27 v0.06d Graphics/color for pdfTeX

(/usr/local/texlive/2011/texmf-dist/tex/generic/oberdiek/infwarerr.sty
Package: infwarerr 2010/04/08 v1.3 Providing info/warning/message (HO)
)
(/usr/local/texlive/2011/texmf-dist/tex/generic/oberdiek/ltxcmds.sty
Package: ltxcmds 2011/04/18 v1.20 LaTeX kernel commands for general use (HO)
)
\Gread@gobject=\count91
))
(/usr/local/texlive/2011/texmf-dist/tex/latex/cite/cite.sty
LaTeX Info: Redefining \cite on input line 302.
LaTeX Info: Redefining \nocite on input line 373.
Package: cite 2010/09/10  v 5.3
)
(/usr/local/texlive/2011/texmf-dist/tex/latex/graphics/graphicx.sty
Package: graphicx 1999/02/16 v1.0f Enhanced LaTeX Graphics (DPC,SPQR)

(/usr/local/texlive/2011/texmf-dist/tex/latex/graphics/keyval.sty
Package: keyval 1999/03/16 v1.13 key=value parser (DPC)
\KV@toks@=\toks15
)
(/usr/local/texlive/2011/texmf-dist/tex/latex/graphics/graphics.sty
Package: graphics 2009/02/05 v1.0o Standard LaTeX Graphics (DPC,SPQR)

(/usr/local/texlive/2011/texmf-dist/tex/latex/graphics/trig.sty
Package: trig 1999/03/16 v1.09 sin cos tan (DPC)
)
(/usr/local/texlive/2011/texmf-dist/tex/latex/latexconfig/graphics.cfg
File: graphics.cfg 2010/04/23 v1.9 graphics configuration of TeX Live
)
Package graphics Info: Driver file: pdftex.def on input line 91.
)
\Gin@req@height=\dimen117
\Gin@req@width=\dimen118
)
(/usr/local/texlive/2011/texmf-dist/tex/latex/amsmath/amsmath.sty
Package: amsmath 2000/07/18 v2.13 AMS math features
\@mathmargin=\skip44

For additional information on amsmath, use the `?' option.
(/usr/local/texlive/2011/texmf-dist/tex/latex/amsmath/amstext.sty
Package: amstext 2000/06/29 v2.01

(/usr/local/texlive/2011/texmf-dist/tex/latex/amsmath/amsgen.sty
File: amsgen.sty 1999/11/30 v2.0
\@emptytoks=\toks16
\ex@=\dimen119
))
(/usr/local/texlive/2011/texmf-dist/tex/latex/amsmath/amsbsy.sty
Package: amsbsy 1999/11/29 v1.2d
\pmbraise@=\dimen120
)
(/usr/local/texlive/2011/texmf-dist/tex/latex/amsmath/amsopn.sty
Package: amsopn 1999/12/14 v2.01 operator names
)
\inf@bad=\count92
LaTeX Info: Redefining \frac on input line 211.
\uproot@=\count93
\leftroot@=\count94
LaTeX Info: Redefining \overline on input line 307.
\classnum@=\count95
\DOTSCASE@=\count96
LaTeX Info: Redefining \ldots on input line 379.
LaTeX Info: Redefining \dots on input line 382.
LaTeX Info: Redefining \cdots on input line 467.
\Mathstrutbox@=\box27
\strutbox@=\box28
\big@size=\dimen121
LaTeX Font Info:    Redeclaring font encoding OML on input line 567.
LaTeX Font Info:    Redeclaring font encoding OMS on input line 568.
\macc@depth=\count97
\c@MaxMatrixCols=\count98
\dotsspace@=\muskip10
\c@parentequation=\count99
\dspbrk@lvl=\count100
\tag@help=\toks17
\row@=\count101
\column@=\count102
\maxfields@=\count103
\andhelp@=\toks18
\eqnshift@=\dimen122
\alignsep@=\dimen123
\tagshift@=\dimen124
\tagwidth@=\dimen125
\totwidth@=\dimen126
\lineht@=\dimen127
\@envbody=\toks19
\multlinegap=\skip45
\multlinetaggap=\skip46
\mathdisplay@stack=\toks20
LaTeX Info: Redefining \[ on input line 2666.
LaTeX Info: Redefining \] on input line 2667.
)
(/usr/local/texlive/2011/texmf-dist/tex/latex/amsfonts/amssymb.sty
Package: amssymb 2009/06/22 v3.00

(/usr/local/texlive/2011/texmf-dist/tex/latex/amsfonts/amsfonts.sty
Package: amsfonts 2009/06/22 v3.00 Basic AMSFonts support
\symAMSa=\mathgroup4
\symAMSb=\mathgroup5
LaTeX Font Info:    Overwriting math alphabet `\mathfrak' in version `bold'
(Font)                  U/euf/m/n --> U/euf/b/n on input line 96.
))
(/usr/local/texlive/2011/texmf-dist/tex/latex/subfigure/subfigure.sty
Package: subfigure 2002/03/15 v2.1.5 subfigure package
\subfigtopskip=\skip47
\subfigcapskip=\skip48
\subfigcaptopadj=\dimen128
\subfigbottomskip=\skip49
\subfigcapmargin=\dimen129
\subfiglabelskip=\skip50
\c@subfigure=\count104
\c@lofdepth=\count105
\c@subtable=\count106
\c@lotdepth=\count107

****************************************
* Local config file subfigure.cfg used *
****************************************
(/usr/local/texlive/2011/texmf-dist/tex/latex/subfigure/subfigure.cfg)
\subfig@top=\skip51
\subfig@bottom=\skip52
)
(/usr/local/texlive/2011/texmf-dist/tex/latex/sttools/stfloats.sty
Package: stfloats 1999/10/22
\@dblbotnum=\count108
\c@dblbotnumber=\count109
)
(/usr/local/texlive/2011/texmf-dist/tex/latex/float/float.sty
Package: float 2001/11/08 v1.3d Float enhancements (AL)
\c@float@type=\count110
\float@exts=\toks21
\float@box=\box29
\@float@everytoks=\toks22
\@floatcapt=\box30
)
(/usr/local/texlive/2011/texmf-dist/tex/latex/hyperref/hyperref.sty
Package: hyperref 2011/10/01 v6.82j Hypertext links for LaTeX

(/usr/local/texlive/2011/texmf-dist/tex/generic/oberdiek/hobsub-hyperref.sty
Package: hobsub-hyperref 2011/04/23 v1.4 Bundle oberdiek, subset hyperref (HO)

(/usr/local/texlive/2011/texmf-dist/tex/generic/oberdiek/hobsub-generic.sty
Package: hobsub-generic 2011/04/23 v1.4 Bundle oberdiek, subset generic (HO)
Package: hobsub 2011/04/23 v1.4 Subsetting bundle oberdiek (HO)
Package hobsub Info: Skipping package `infwarerr' (already loaded).
Package hobsub Info: Skipping package `ltxcmds' (already loaded).
Package: ifluatex 2010/03/01 v1.3 Provides the ifluatex switch (HO)
Package ifluatex Info: LuaTeX not detected.
Package: ifvtex 2010/03/01 v1.5 Switches for detecting VTeX and its modes (HO)
Package ifvtex Info: VTeX not detected.
Package: intcalc 2007/09/27 v1.1 Expandable integer calculations (HO)
Package: ifpdf 2011/01/30 v2.3 Provides the ifpdf switch (HO)
Package ifpdf Info: pdfTeX in PDF mode is detected.
Package: etexcmds 2011/02/16 v1.5 Prefix for e-TeX command names (HO)
Package etexcmds Info: Could not find \expanded.
(etexcmds)             That can mean that you are not using pdfTeX 1.50 or
(etexcmds)             that some package has redefined \expanded.
(etexcmds)             In the latter case, load this package earlier.
Package: kvsetkeys 2011/04/07 v1.13 Key value parser (HO)
Package: kvdefinekeys 2011/04/07 v1.3 Defining keys (HO)
Package: pdftexcmds 2011/04/22 v0.16 Utilities of pdfTeX for LuaTeX (HO)
Package pdftexcmds Info: LuaTeX not detected.
Package pdftexcmds Info: \pdf@primitive is available.
Package pdftexcmds Info: \pdf@ifprimitive is available.
Package pdftexcmds Info: \pdfdraftmode found.
Package: pdfescape 2011/04/04 v1.12 Provides string conversions (HO)
Package: bigintcalc 2011/01/30 v1.2 Expandable big integer calculations (HO)
Package: bitset 2011/01/30 v1.1 Data type bit set (HO)
Package: uniquecounter 2011/01/30 v1.2 Provides unlimited unique counter (HO)
)
Package hobsub Info: Skipping package `hobsub' (already loaded).
Package: letltxmacro 2010/09/02 v1.4 Let assignment for LaTeX macros (HO)
Package: hopatch 2011/01/30 v1.0 Wrapper for package hooks (HO)
Package: xcolor-patch 2011/01/30 xcolor patch
Package: atveryend 2011/04/23 v1.7 Hooks at very end of document (HO)
Package: atbegshi 2011/01/30 v1.15 At begin shipout hook (HO)
Package: refcount 2010/12/01 v3.2 Data extraction from references (HO)
Package: hycolor 2011/01/30 v1.7 Color options of hyperref/bookmark (HO)
)
(/usr/local/texlive/2011/texmf-dist/tex/generic/ifxetex/ifxetex.sty
Package: ifxetex 2010/09/12 v0.6 Provides ifxetex conditional
)
(/usr/local/texlive/2011/texmf-dist/tex/latex/oberdiek/kvoptions.sty
Package: kvoptions 2010/12/23 v3.10 Keyval support for LaTeX options (HO)
)
\@linkdim=\dimen130
\Hy@linkcounter=\count111
\Hy@pagecounter=\count112

(/usr/local/texlive/2011/texmf-dist/tex/latex/hyperref/pd1enc.def
File: pd1enc.def 2011/10/01 v6.82j Hyperref: PDFDocEncoding definition (HO)
)
\Hy@SavedSpaceFactor=\count113

(/usr/local/texlive/2011/texmf-dist/tex/latex/latexconfig/hyperref.cfg
File: hyperref.cfg 2002/06/06 v1.2 hyperref configuration of TeXLive
)
Package hyperref Info: Hyper figures OFF on input line 4046.
Package hyperref Info: Link nesting OFF on input line 4051.
Package hyperref Info: Hyper index ON on input line 4054.
Package hyperref Info: Plain pages OFF on input line 4061.
Package hyperref Info: Backreferencing OFF on input line 4066.
Package hyperref Info: Implicit mode ON; LaTeX internals redefined.
Package hyperref Info: Bookmarks ON on input line 4284.
\c@Hy@tempcnt=\count114

(/usr/local/texlive/2011/texmf-dist/tex/latex/url/url.sty
\Urlmuskip=\muskip11
Package: url 2006/04/12  ver 3.3  Verb mode for urls, etc.
)
LaTeX Info: Redefining \url on input line 4637.
\Fld@menulength=\count115
\Field@Width=\dimen131
\Fld@charsize=\dimen132
Package hyperref Info: Hyper figures OFF on input line 5723.
Package hyperref Info: Link nesting OFF on input line 5728.
Package hyperref Info: Hyper index ON on input line 5731.
Package hyperref Info: backreferencing OFF on input line 5738.
Package hyperref Info: Link coloring OFF on input line 5743.
Package hyperref Info: Link coloring with OCG OFF on input line 5748.
Package hyperref Info: PDF/A mode OFF on input line 5753.
LaTeX Info: Redefining \ref on input line 5793.
LaTeX Info: Redefining \pageref on input line 5797.
\Hy@abspage=\count116
\c@Item=\count117
\c@Hfootnote=\count118
)

Package hyperref Message: Driver (autodetected): hpdftex.

(/usr/local/texlive/2011/texmf-dist/tex/latex/hyperref/hpdftex.def
File: hpdftex.def 2011/10/01 v6.82j Hyperref driver for pdfTeX
\Fld@listcount=\count119
\c@bookmark@seq@number=\count120

(/usr/local/texlive/2011/texmf-dist/tex/latex/oberdiek/rerunfilecheck.sty
Package: rerunfilecheck 2011/04/15 v1.7 Rerun checks for auxiliary files (HO)
Package uniquecounter Info: New unique counter `rerunfilecheck' on input line 2
82.
)
\Hy@SectionHShift=\skip53
)
Package hyperref Info: Option `colorlinks' set `true' on input line 61.
\@float@every@algorithm=\toks23
\c@algorithm=\count121

No file manuscript.aux.
\openout1 = `manuscript.aux'.

LaTeX Font Info:    Checking defaults for OML/cmm/m/it on input line 66.
LaTeX Font Info:    ... okay on input line 66.
LaTeX Font Info:    Checking defaults for T1/cmr/m/n on input line 66.
LaTeX Font Info:    ... okay on input line 66.
LaTeX Font Info:    Checking defaults for OT1/cmr/m/n on input line 66.
LaTeX Font Info:    ... okay on input line 66.
LaTeX Font Info:    Checking defaults for OMS/cmsy/m/n on input line 66.
LaTeX Font Info:    ... okay on input line 66.
LaTeX Font Info:    Checking defaults for OMX/cmex/m/n on input line 66.
LaTeX Font Info:    ... okay on input line 66.
LaTeX Font Info:    Checking defaults for U/cmr/m/n on input line 66.
LaTeX Font Info:    ... okay on input line 66.
LaTeX Font Info:    Checking defaults for PD1/pdf/m/n on input line 66.
LaTeX Font Info:    ... okay on input line 66.
(/usr/local/texlive/2011/texmf-dist/tex/context/base/supp-pdf.mkii
[Loading MPS to PDF converter (version 2006.09.02).]
\scratchcounter=\count122
\scratchdimen=\dimen133
\scratchbox=\box31
\nofMPsegments=\count123
\nofMParguments=\count124
\everyMPshowfont=\toks24
\MPscratchCnt=\count125
\MPscratchDim=\dimen134
\MPnumerator=\count126
\makeMPintoPDFobject=\count127
\everyMPtoPDFconversion=\toks25
) (/usr/local/texlive/2011/texmf-dist/tex/latex/oberdiek/epstopdf-base.sty
Package: epstopdf-base 2010/02/09 v2.5 Base part for package epstopdf

(/usr/local/texlive/2011/texmf-dist/tex/latex/oberdiek/grfext.sty
Package: grfext 2010/08/19 v1.1 Managing graphics extensions (HO)
)
Package grfext Info: Graphics extension search list:
(grfext)             [.png,.pdf,.jpg,.mps,.jpeg,.jbig2,.jb2,.PNG,.PDF,.JPG,.JPE
G,.JBIG2,.JB2,.eps]
(grfext)             \AppendGraphicsExtensions on input line 452.

(/usr/local/texlive/2011/texmf-dist/tex/latex/latexconfig/epstopdf-sys.cfg
File: epstopdf-sys.cfg 2010/07/13 v1.3 Configuration of (r)epstopdf for TeX Liv
e
))
\AtBeginShipoutBox=\box32
Package hyperref Info: Link coloring ON on input line 66.

(/usr/local/texlive/2011/texmf-dist/tex/latex/hyperref/nameref.sty
Package: nameref 2010/04/30 v2.40 Cross-referencing by name of section

(/usr/local/texlive/2011/texmf-dist/tex/generic/oberdiek/gettitlestring.sty
Package: gettitlestring 2010/12/03 v1.4 Cleanup title references (HO)
)
\c@section@level=\count128
)
LaTeX Info: Redefining \ref on input line 66.
LaTeX Info: Redefining \pageref on input line 66.
LaTeX Info: Redefining \nameref on input line 66.
\@outlinefile=\write3
\openout3 = `manuscript.out'.


[0{/usr/local/texlive/2011/texmf-var/fonts/map/pdftex/updmap/pdftex.map}]
** ATTENTION: \IEEEPARstart is disabled in draft mode (line 130).

LaTeX Warning: Citation `Valdes1999' on page 1 undefined on input line 134.


LaTeX Warning: Citation `David2003' on page 1 undefined on input line 134.


LaTeX Warning: Citation `Galka2008' on page 1 undefined on input line 134.


LaTeX Warning: Citation `schiff2008kalman' on page 1 undefined on input line 13
4.


LaTeX Warning: Citation `Daunizeau2009' on page 1 undefined on input line 134.


LaTeX Warning: Citation `Freestone2011' on page 1 undefined on input line 134.

[1

]
LaTeX Font Info:    Calculating math sizes for size <11> on input line 138.
LaTeX Font Info:    Try loading font information for U+msa on input line 138.
 (/usr/local/texlive/2011/texmf-dist/tex/latex/amsfonts/umsa.fd
File: umsa.fd 2009/06/22 v3.00 AMS symbols A
)
LaTeX Font Info:    Try loading font information for U+msb on input line 138.

(/usr/local/texlive/2011/texmf-dist/tex/latex/amsfonts/umsb.fd
File: umsb.fd 2009/06/22 v3.00 AMS symbols B
)
<./Graph/MultiResNeuralField.pdf, id=17, 630.355pt x 206.7725pt>
File: ./Graph/MultiResNeuralField.pdf Graphic file (type pdf)

<use ./Graph/MultiResNeuralField.pdf>
Package pdftex.def Info: ./Graph/MultiResNeuralField.pdf used on input line 148
.
(pdftex.def)             Requested size: 630.35345pt x 206.77199pt.

Overfull \hbox (160.59845pt too wide) in paragraph at lines 148--150
 [][] 
 []


LaTeX Warning: Citation `Amari1977' on page 2 undefined on input line 155.


LaTeX Warning: Citation `Freestone2011' on page 2 undefined on input line 155.


LaTeX Warning: Citation `Amari1977' on page 2 undefined on input line 165.


LaTeX Warning: Citation `Atay2005' on page 2 undefined on input line 165.


LaTeX Warning: Citation `VanRotterdam1982' on page 2 undefined on input line 17
0.


LaTeX Warning: Citation `Murphy2009' on page 2 undefined on input line 170.

[2]

LaTeX Warning: Citation `Mallat1989a' on page 3 undefined on input line 178.

[3 <./Graph/MultiResNeuralField.pdf>]

LaTeX Warning: Reference `eq:KernelExpansion' on page 4 undefined on input line
 190.


LaTeX Warning: Reference `eq:FieldExpansion' on page 4 undefined on input line 
190.


Overfull \hbox (16.35219pt too wide) in paragraph at lines 203--205
\OT1/ptm/m/n/11 The ker-nel and field ap-prox-i-ma-tion co-ef-fi-cient vec-tors
, $[][]$ and $\OT1/cmr/bx/n/10.95 x[]$\OT1/ptm/m/n/11 , con-tain all the co-ef-
fi-cients $[]$
 []


LaTeX Warning: Reference `KernelBasisVector' on page 4 undefined on input line 
226.


LaTeX Warning: Reference `FieldBasisVector' on page 4 undefined on input line 2
26.


LaTeX Warning: Reference `KernelWeights' on page 4 undefined on input line 226.



LaTeX Warning: Reference `FieldWeights' on page 4 undefined on input line 226.


LaTeX Warning: Reference `eq:KernelFiniteExpansion' on page 4 undefined on inpu
t line 236.


LaTeX Warning: Reference `eq:FieldFiniteExpansion' on page 4 undefined on input
 line 236.


LaTeX Warning: Reference `eq:DiscreteTimeModel' on page 4 undefined on input li
ne 236.

[4]

LaTeX Warning: Citation `Freestone2011' on page 5 undefined on input line 251.


LaTeX Warning: Reference `eq:FieldFiniteExpansion' on page 5 undefined on input
 line 255.


LaTeX Warning: Reference `eq:ObservationEquation' on page 5 undefined on input 
line 256.


LaTeX Warning: Citation `Goswami1999' on page 5 undefined on input line 265.


LaTeX Warning: Reference `fig:Figure0' on page 5 undefined on input line 265.

<./Graph/Figure0a.pdf, id=77, 183.12187pt x 161.6306pt>
File: ./Graph/Figure0a.pdf Graphic file (type pdf)

<use ./Graph/Figure0a.pdf>
Package pdftex.def Info: ./Graph/Figure0a.pdf used on input line 268.
(pdftex.def)             Requested size: 183.12141pt x 161.63019pt.

<./Graph/Figure0b.pdf, id=78, 179.78593pt x 164.55254pt>
File: ./Graph/Figure0b.pdf Graphic file (type pdf)

<use ./Graph/Figure0b.pdf>
Package pdftex.def Info: ./Graph/Figure0b.pdf used on input line 269.
(pdftex.def)             Requested size: 179.78549pt x 164.55212pt.


LaTeX Warning: Citation `Chui1992b' on page 5 undefined on input line 274.


LaTeX Warning: Citation `Chui1992' on page 5 undefined on input line 274.


LaTeX Warning: Citation `Unser1993' on page 5 undefined on input line 274.


LaTeX Warning: Citation `Unser1992' on page 5 undefined on input line 274.


LaTeX Warning: Citation `Unser1999' on page 5 undefined on input line 274.


LaTeX Warning: Citation `Chui1992' on page 5 undefined on input line 276.

[5]

LaTeX Warning: Citation `DeBoor2001' on page 6 undefined on input line 289.


LaTeX Warning: Reference `SplineConvolutionIntegral' on page 6 undefined on inp
ut line 304.

[6 <./Graph/Figure0a.pdf> <./Graph/Figure0b.pdf>]

LaTeX Warning: Reference `eq:BsplineConvolution' on page 7 undefined on input l
ine 314.


LaTeX Warning: Reference `ap:InnerProductOfBsplines' on page 7 undefined on inp
ut line 320.


LaTeX Warning: Reference `eq:BsplineInnerProduct' on page 7 undefined on input 
line 320.


LaTeX Warning: Reference `eq:MRA-DoBoorFormula' on page 7 undefined on input li
ne 320.


LaTeX Warning: Reference `eq:N1convolutions' on page 7 undefined on input line 
329.


LaTeX Warning: Reference `eq:N1convolutions' on page 7 undefined on input line 
335.


LaTeX Warning: Reference `eq:MRA-N1Fouriertransform' on page 7 undefined on inp
ut line 335.

[7]

LaTeX Warning: Citation `Chui1992' on page 8 undefined on input line 339.


LaTeX Warning: Reference `fig:MRA-Figure1' on page 8 undefined on input line 34
9.

<./Graph/Figure1a.pdf, id=120, 184.23389pt x 164.55254pt>
File: ./Graph/Figure1a.pdf Graphic file (type pdf)

<use ./Graph/Figure1a.pdf>
Package pdftex.def Info: ./Graph/Figure1a.pdf used on input line 352.
(pdftex.def)             Requested size: 184.23343pt x 164.55212pt.

<./Graph/Figure1b.pdf, id=121, 185.14728pt x 164.55254pt>
File: ./Graph/Figure1b.pdf Graphic file (type pdf)

<use ./Graph/Figure1b.pdf>
Package pdftex.def Info: ./Graph/Figure1b.pdf used on input line 353.
(pdftex.def)             Requested size: 185.1468pt x 164.55212pt.


LaTeX Warning: Reference `eq:BsplineConvolution' on page 8 undefined on input l
ine 358.


LaTeX Warning: Reference `eq:BsplineInnerProduct' on page 8 undefined on input 
line 358.


LaTeX Warning: Reference `eq:Lambdax' on page 8 undefined on input line 358.


LaTeX Warning: Reference `eq:Lambdatheta' on page 8 undefined on input line 358
.


LaTeX Warning: Reference `eq:CovMatrix' on page 8 undefined on input line 358.


LaTeX Warning: Citation `Unser1993' on page 8 undefined on input line 358.


LaTeX Warning: Reference `eq:MRA-TwoScalepair1' on page 8 undefined on input li
ne 368.

[8 <./Graph/Figure1a.pdf> <./Graph/Figure1b.pdf>]

LaTeX Warning: Reference `eq:MRA-ConvertingFormulaForscalingFunctions' on page 
9 undefined on input line 377.


LaTeX Warning: Reference `eq:MRA-TwoScalepair2' on page 9 undefined on input li
ne 377.


LaTeX Warning: Reference `fig:MRA-BasisDecomposition' on page 9 undefined on in
put line 377.

<./Graph/ScaleDecomposition.pdf, id=147, 262.7191pt x 119.67287pt>
File: ./Graph/ScaleDecomposition.pdf Graphic file (type pdf)

<use ./Graph/ScaleDecomposition.pdf>
Package pdftex.def Info: ./Graph/ScaleDecomposition.pdf used on input line 380.

(pdftex.def)             Requested size: 262.71844pt x 119.67256pt.

<./Graph/WaveletDecomposition.pdf, id=148, 272.66626pt x 119.67287pt>
File: ./Graph/WaveletDecomposition.pdf Graphic file (type pdf)

<use ./Graph/WaveletDecomposition.pdf>
Package pdftex.def Info: ./Graph/WaveletDecomposition.pdf used on input line 38
1.
(pdftex.def)             Requested size: 272.66557pt x 119.67256pt.


LaTeX Warning: Reference `eq:Lambdax' on page 9 undefined on input line 385.


LaTeX Warning: Reference `eq:Lambdatheta' on page 9 undefined on input line 385
.


LaTeX Warning: Reference `eq:CovMatrix' on page 9 undefined on input line 385.


LaTeX Warning: Reference `table:MRA-BsplineatIntegerPoints' on page 9 undefined
 on input line 385.


LaTeX Warning: Reference `eq:MRA-recursiveBsplineatintegerpoints' on page 9 und
efined on input line 397.

LaTeX Font Info:    Font shape `OT1/ptm/bx/sc' in size <9> not available
(Font)              Font shape `OT1/ptm/b/sc' tried instead on input line 397.

LaTeX Warning: Citation `Goswami1999' on page 9 undefined on input line 397.


LaTeX Warning: `h' float specifier changed to `ht'.


LaTeX Warning: Citation `Dempster1977' on page 9 undefined on input line 402.


LaTeX Warning: Citation `Dewar2009' on page 9 undefined on input line 402.


LaTeX Warning: Citation `Shumway2000' on page 9 undefined on input line 402.


LaTeX Warning: Reference `eq:StateEquation' on page 9 undefined on input line 4
03.


LaTeX Warning: Reference `eq:Observationmatrix' on page 9 undefined on input li
ne 403.

[9 <./Graph/ScaleDecomposition.pdf> <./Graph/WaveletDecomposition.pdf>]
[10]

LaTeX Warning: Reference `eq:A_theta' on page 11 undefined on input line 427.


LaTeX Warning: Reference `eq:Qfunction' on page 11 undefined on input line 427.



LaTeX Warning: Reference `eq:MRA-QintermsofTraces' on page 11 undefined on inpu
t line 452.

[11]

LaTeX Warning: Reference `eq:MRA-LambdaThetaElements' on page 12 undefined on i
nput line 467.


LaTeX Warning: Reference `eq:MRA-trace1' on page 12 undefined on input line 467
.


LaTeX Warning: Reference `eq:MRA-QintermsofTraces' on page 12 undefined on inpu
t line 476.


LaTeX Warning: Reference `eq:MRA-QintermsofTraces' on page 12 undefined on inpu
t line 481.

[12]

LaTeX Warning: Citation `Dewar2009' on page 13 undefined on input line 506.


LaTeX Warning: Reference `table:MRA-ComputationalComplexity' on page 13 undefin
ed on input line 506.


LaTeX Warning: Citation `Dewar2009' on page 13 undefined on input line 506.


LaTeX Warning: Citation `Dewar2009' on page 13 undefined on input line 519.


LaTeX Warning: Reference `eq:MRA-Xi0' on page 13 undefined on input line 519.


LaTeX Warning: Reference `eq:MRA-Xi1' on page 13 undefined on input line 519.


LaTeX Warning: Reference `eq:epsilon0' on page 13 undefined on input line 519.


LaTeX Warning: Reference `eq:epsilon1' on page 13 undefined on input line 519.


LaTeX Warning: Reference `eq:Epsilon' on page 13 undefined on input line 519.


LaTeX Warning: Reference `eq:A_theta' on page 13 undefined on input line 519.


LaTeX Warning: Reference `eq:Lambdatheta' on page 13 undefined on input line 51
9.


LaTeX Warning: Reference `eq:MRA-thetahat' on page 13 undefined on input line 5
19.


LaTeX Warning: Citation `Dewar2009' on page 13 undefined on input line 520.


LaTeX Warning: Reference `eq:MRA-QDerivative' on page 13 undefined on input lin
e 530.

[13]

LaTeX Warning: Citation `Dewar2009' on page 14 undefined on input line 538.


LaTeX Warning: Citation `RAUCH1965' on page 14 undefined on input line 540.


LaTeX Warning: Citation `Gibsona2005' on page 14 undefined on input line 540.


LaTeX Warning: Reference `alg:MRA-RTS' on page 14 undefined on input line 545.

Package hyperref Info: bookmark level for unknown algorithm defaults to 0 on in
put line 547.

LaTeX Warning: Citation `Meyer2000' on page 14 undefined on input line 592.


LaTeX Warning: Reference `eq:DiscreteTimeModel' on page 14 undefined on input l
ine 599.


LaTeX Warning: Reference `eq:ObservationEquation' on page 14 undefined on input
 line 599.


LaTeX Warning: Citation `David2003' on page 14 undefined on input line 599.


LaTeX Warning: Citation `Stephan2008' on page 14 undefined on input line 599.

[14] [15]

LaTeX Warning: Citation `Wendling2005' on page 16 undefined on input line 603.


LaTeX Warning: Reference `eq:MRA-PsiPsiOrthogonality' on page 16 undefined on i
nput line 603.


LaTeX Warning: Reference `eq:MRA-PhiPsiOrthogonality' on page 16 undefined on i
nput line 603.


LaTeX Warning: Reference `fig:ObservationFrequencyResponce' on page 16 undefine
d on input line 605.


LaTeX Warning: Citation `Scerri2009' on page 16 undefined on input line 605.


LaTeX Warning: Reference `eq:MRA-NmFouriertransform' on page 16 undefined on in
put line 605.

<./Graph/Figure2.pdf, id=240, 225.14615pt x 144.24496pt>
File: ./Graph/Figure2.pdf Graphic file (type pdf)

<use ./Graph/Figure2.pdf>
Package pdftex.def Info: ./Graph/Figure2.pdf used on input line 608.
(pdftex.def)             Requested size: 225.1456pt x 144.2446pt.


LaTeX Warning: `!h' float specifier changed to `!ht'.


LaTeX Warning: Reference `fig:MRA-Convergence' on page 16 undefined on input li
ne 613.

<./Graph/ConvergenceRate.pdf, id=241, 232.30469pt x 144.54pt>
File: ./Graph/ConvergenceRate.pdf Graphic file (type pdf)

<use ./Graph/ConvergenceRate.pdf>
Package pdftex.def Info: ./Graph/ConvergenceRate.pdf used on input line 616.
(pdftex.def)             Requested size: 232.30411pt x 144.53963pt.


LaTeX Warning: `!h' float specifier changed to `!ht'.


LaTeX Warning: Reference `fig:KernelEstimate' on page 16 undefined on input lin
e 624.


LaTeX Warning: Reference `fig:KernelEstimate' on page 16 undefined on input lin
e 624.

<./Graph/Figure5.pdf, id=242, 180.675pt x 180.675pt>
File: ./Graph/Figure5.pdf Graphic file (type pdf)
 <use ./Graph/Figure5.pdf>
Package pdftex.def Info: ./Graph/Figure5.pdf used on input line 626.
(pdftex.def)             Requested size: 180.67455pt x 180.67455pt.

<./Graph/Figure6.pdf, id=243, 180.675pt x 180.675pt>
File: ./Graph/Figure6.pdf Graphic file (type pdf)
 <use ./Graph/Figure6.pdf>
Package pdftex.def Info: ./Graph/Figure6.pdf used on input line 627.
(pdftex.def)             Requested size: 180.67455pt x 180.67455pt.

[16]

LaTeX Warning: Reference `fig:FieldEstimates100' on page 17 undefined on input 
line 638.

<./Graph/Figure4a.pdf, id=249, 325.215pt x 86.724pt>
File: ./Graph/Figure4a.pdf Graphic file (type pdf)

<use ./Graph/Figure4a.pdf>
Package pdftex.def Info: ./Graph/Figure4a.pdf used on input line 641.
(pdftex.def)             Requested size: 325.2142pt x 86.72377pt.

<./Graph/Figure4b.pdf, id=250, 325.215pt x 86.724pt>
File: ./Graph/Figure4b.pdf Graphic file (type pdf)

<use ./Graph/Figure4b.pdf>
Package pdftex.def Info: ./Graph/Figure4b.pdf used on input line 642.
(pdftex.def)             Requested size: 325.2142pt x 86.72377pt.

<./Graph/Figure4c.pdf, id=251, 325.215pt x 86.724pt>
File: ./Graph/Figure4c.pdf Graphic file (type pdf)

<use ./Graph/Figure4c.pdf>
Package pdftex.def Info: ./Graph/Figure4c.pdf used on input line 643.
(pdftex.def)             Requested size: 325.2142pt x 86.72377pt.

<./Graph/Figure4d.pdf, id=252, 325.215pt x 86.724pt>
File: ./Graph/Figure4d.pdf Graphic file (type pdf)

<use ./Graph/Figure4d.pdf>
Package pdftex.def Info: ./Graph/Figure4d.pdf used on input line 644.
(pdftex.def)             Requested size: 325.2142pt x 86.72377pt.

<./Graph/STMultiRes.png, id=253, 433.62pt x 289.08pt>
File: ./Graph/STMultiRes.png Graphic file (type png)

<use ./Graph/STMultiRes.png>
Package pdftex.def Info: ./Graph/STMultiRes.png used on input line 651.
(pdftex.def)             Requested size: 433.61894pt x 289.07928pt.


LaTeX Warning: Reference `eq:DiscreteTimeModel' on page 17 undefined on input l
ine 656.


LaTeX Warning: Reference `eq:ObservationEquation' on page 17 undefined on input
 line 656.


LaTeX Warning: Reference `fig:RMSE' on page 17 undefined on input line 656.


LaTeX Warning: Reference `fig:FieldEstimates200' on page 17 undefined on input 
line 656.

<./Graph/Figure3.pdf, id=255, 230.79854pt x 113.33148pt>
File: ./Graph/Figure3.pdf Graphic file (type pdf)

<use ./Graph/Figure3.pdf>
Package pdftex.def Info: ./Graph/Figure3.pdf used on input line 659.
(pdftex.def)             Requested size: 230.79797pt x 113.33119pt.
 <./Graph/Figure5a.pdf, id=256, 325.215pt x 86.724pt>
File: ./Graph/Figure5a.pdf Graphic file (type pdf)

<use ./Graph/Figure5a.pdf>
Package pdftex.def Info: ./Graph/Figure5a.pdf used on input line 665.
(pdftex.def)             Requested size: 325.2142pt x 86.72377pt.

<./Graph/Figure5b.pdf, id=257, 325.215pt x 86.724pt>
File: ./Graph/Figure5b.pdf Graphic file (type pdf)

<use ./Graph/Figure5b.pdf>
Package pdftex.def Info: ./Graph/Figure5b.pdf used on input line 666.
(pdftex.def)             Requested size: 325.2142pt x 86.72377pt.

<./Graph/Figure5c.pdf, id=258, 325.215pt x 86.724pt>
File: ./Graph/Figure5c.pdf Graphic file (type pdf)

<use ./Graph/Figure5c.pdf>
Package pdftex.def Info: ./Graph/Figure5c.pdf used on input line 667.
(pdftex.def)             Requested size: 325.2142pt x 86.72377pt.

<./Graph/Figure5d.pdf, id=259, 325.215pt x 86.724pt>
File: ./Graph/Figure5d.pdf Graphic file (type pdf)

<use ./Graph/Figure5d.pdf>
Package pdftex.def Info: ./Graph/Figure5d.pdf used on input line 668.
(pdftex.def)             Requested size: 325.2142pt x 86.72377pt.

<./Graph/Figure5e.pdf, id=260, 325.215pt x 86.724pt>
File: ./Graph/Figure5e.pdf Graphic file (type pdf)

<use ./Graph/Figure5e.pdf>
Package pdftex.def Info: ./Graph/Figure5e.pdf used on input line 669.
(pdftex.def)             Requested size: 325.2142pt x 86.72377pt.
 [17 <./Graph/Figure2.pdf> <./Graph/ConvergenceRate.pdf>]

LaTeX Warning: `!h' float specifier changed to `!ht'.


LaTeX Warning: Citation `Qubbaj2009' on page 18 undefined on input line 683.


LaTeX Warning: Citation `Breakspear2005' on page 18 undefined on input line 683
.


LaTeX Warning: Citation `Meng1993' on page 18 undefined on input line 685.


LaTeX Warning: Citation `Meng1994' on page 18 undefined on input line 685.


LaTeX Warning: Citation `Fessler1994' on page 18 undefined on input line 685.

[18 <./Graph/Figure5.pdf> <./Graph/Figure6.pdf>]

LaTeX Warning: Citation `Evensen2003' on page 19 undefined on input line 687.


LaTeX Warning: Citation `Evensen2009a' on page 19 undefined on input line 687.


LaTeX Warning: Citation `Evensen2009' on page 19 undefined on input line 687.


LaTeX Warning: Citation `McLachlan1997' on page 19 undefined on input line 689.


[19 <./Graph/Figure4a.pdf> <./Graph/Figure4b.pdf> <./Graph/Figure4c.pdf> <./Gra
ph/Figure4d.pdf>] [20 <./Graph/STMultiRes.png> <./Graph/Figure3.pdf>]

LaTeX Warning: Citation `Wikle2002' on page 21 undefined on input line 692.


LaTeX Warning: Citation `Xu2005' on page 21 undefined on input line 692.


LaTeX Warning: Citation `Meyer1992' on page 21 undefined on input line 698.

[21 <./Graph/Figure5a.pdf> <./Graph/Figure5b.pdf> <./Graph/Figure5c.pdf> <./Gra
ph/Figure5d.pdf> <./Graph/Figure5e.pdf>]

LaTeX Warning: Reference `eq:APP-SymmetrySplieEq' on page 22 undefined on input
 line 707.

[22]

LaTeX Warning: Reference `eq:MRA-ConvertingFormulaForscalingFunctions' on page 
23 undefined on input line 720.


LaTeX Warning: Reference `eq:MRA-TwoScalepair1' on page 23 undefined on input l
ine 724.


LaTeX Warning: Reference `eq:MRA-ConvertingFormulaForscalingFunctions' on page 
23 undefined on input line 724.


LaTeX Warning: Reference `eq:AppendixNj-1intermsofNj' on page 23 undefined on i
nput line 735.


LaTeX Warning: Reference `eq:MRA-ConvertingFormulaForscalingFunctions' on page 
23 undefined on input line 735.

(./manuscript.bbl [23] [24])
Package atveryend Info: Empty hook `BeforeClearDocument' on input line 756.
 [25]
Package atveryend Info: Empty hook `AfterLastShipout' on input line 756.
 (./manuscript.aux)
Package atveryend Info: Executing hook `AtVeryEndDocument' on input line 756.
Package atveryend Info: Executing hook `AtEndAfterFileList' on input line 756.


Package rerunfilecheck Warning: File `manuscript.out' has changed.
(rerunfilecheck)                Rerun to get outlines right
(rerunfilecheck)                or use package `bookmark'.

Package rerunfilecheck Info: Checksums for `manuscript.out':
(rerunfilecheck)             Before: <no file>
(rerunfilecheck)             After:  DA2869DEDA75FDAC7F17F01C2EE633CC;830.

LaTeX Font Warning: Size substitutions with differences
(Font)              up to 2.25pt have occurred.


LaTeX Warning: There were undefined references.


LaTeX Warning: Label(s) may have changed. Rerun to get cross-references right.

 ) 
Here is how much of TeX's memory you used:
 7318 strings out of 493629
 109269 string characters out of 3143322
 200701 words of memory out of 3000000
 10321 multiletter control sequences out of 15000+200000
 57142 words of font info for 125 fonts, out of 3000000 for 9000
 831 hyphenation exceptions out of 8191
 29i,23n,28p,1320b,460s stack positions out of 5000i,500n,10000p,200000b,50000s
{/usr/local/texlive/2011/texmf-dist/fonts/enc/dvips/base/8r.enc}</usr/local/t
exlive/2011/texmf-dist/fonts/type1/public/amsfonts/cm/cmbx10.pfb></usr/local/te
xlive/2011/texmf-dist/fonts/type1/public/amsfonts/cm/cmbx8.pfb></usr/local/texl
ive/2011/texmf-dist/fonts/type1/public/amsfonts/cm/cmbx9.pfb></usr/local/texliv
e/2011/texmf-dist/fonts/type1/public/amsfonts/cm/cmex10.pfb></usr/local/texlive
/2011/texmf-dist/fonts/type1/public/amsfonts/cm/cmmi10.pfb></usr/local/texlive/
2011/texmf-dist/fonts/type1/public/amsfonts/cm/cmmi5.pfb></usr/local/texlive/20
11/texmf-dist/fonts/type1/public/amsfonts/cm/cmmi6.pfb></usr/local/texlive/2011
/texmf-dist/fonts/type1/public/amsfonts/cm/cmmi8.pfb></usr/local/texlive/2011/t
exmf-dist/fonts/type1/public/amsfonts/cm/cmmi9.pfb></usr/local/texlive/2011/tex
mf-dist/fonts/type1/public/amsfonts/cm/cmmib10.pfb></usr/local/texlive/2011/tex
mf-dist/fonts/type1/public/amsfonts/cmextra/cmmib9.pfb></usr/local/texlive/2011
/texmf-dist/fonts/type1/public/amsfonts/cm/cmr10.pfb></usr/local/texlive/2011/t
exmf-dist/fonts/type1/public/amsfonts/cm/cmr5.pfb></usr/local/texlive/2011/texm
f-dist/fonts/type1/public/amsfonts/cm/cmr6.pfb></usr/local/texlive/2011/texmf-d
ist/fonts/type1/public/amsfonts/cm/cmr8.pfb></usr/local/texlive/2011/texmf-dist
/fonts/type1/public/amsfonts/cm/cmr9.pfb></usr/local/texlive/2011/texmf-dist/fo
nts/type1/public/amsfonts/cm/cmsy10.pfb></usr/local/texlive/2011/texmf-dist/fon
ts/type1/public/amsfonts/cm/cmsy5.pfb></usr/local/texlive/2011/texmf-dist/fonts
/type1/public/amsfonts/cm/cmsy6.pfb></usr/local/texlive/2011/texmf-dist/fonts/t
ype1/public/amsfonts/cm/cmsy8.pfb></usr/local/texlive/2011/texmf-dist/fonts/typ
e1/public/amsfonts/cm/cmsy9.pfb></usr/local/texlive/2011/texmf-dist/fonts/type1
/public/amsfonts/symbols/msam10.pfb></usr/local/texlive/2011/texmf-dist/fonts/t
ype1/public/amsfonts/symbols/msbm10.pfb></usr/local/texlive/2011/texmf-dist/fon
ts/type1/public/amsfonts/symbols/msbm7.pfb></usr/local/texlive/2011/texmf-dist/
fonts/type1/urw/helvetic/uhvr8a.pfb></usr/local/texlive/2011/texmf-dist/fonts/t
ype1/urw/times/utmb8a.pfb></usr/local/texlive/2011/texmf-dist/fonts/type1/urw/t
imes/utmr8a.pfb></usr/local/texlive/2011/texmf-dist/fonts/type1/urw/times/utmri
8a.pfb>
Output written on manuscript.pdf (26 pages, 1540842 bytes).
PDF statistics:
 575 PDF objects out of 1000 (max. 8388607)
 487 compressed objects within 5 object streams
 175 named destinations out of 1000 (max. 500000)
 111 words of extra memory for PDF output out of 10000 (max. 10000000)

